  GDExample.cpp
C:\Users\speci\Desktop\Godot Projects\Hackathon2020\godot_bindings\include\core\Math.hpp(117,23): warning C4244: 'return': conversion from 'double' to 'float', possible loss of data
C:\Users\speci\Desktop\Godot Projects\Hackathon2020\godot_bindings\include\core\Math.hpp(124,21): warning C4244: 'return': conversion from 'double' to 'float', possible loss of data
C:\Users\speci\Desktop\Godot Projects\Hackathon2020\godot_bindings\include\core\Math.hpp(147,19): warning C4244: 'initializing': conversion from 'double' to 'real_t', possible loss of data
C:\Users\speci\Desktop\Godot Projects\Hackathon2020\godot_bindings\include\core\Math.hpp(149,26): warning C4305: '=': truncation from 'double' to 'real_t'
C:\Users\speci\Desktop\Godot Projects\Hackathon2020\godot_bindings\include\core\Math.hpp(168,30): warning C4244: 'argument': conversion from 'double' to 'real_t', possible loss of data
C:\Users\speci\Desktop\Godot Projects\Hackathon2020\godot_bindings\include\core\Math.hpp(168,22): warning C4244: 'argument': conversion from 'double' to 'real_t', possible loss of data
C:\Users\speci\Desktop\Godot Projects\Hackathon2020\godot_bindings\include\core\Math.hpp(208,16): warning C4244: 'return': conversion from 'double' to 'float', possible loss of data
C:\Users\speci\Desktop\Godot Projects\Hackathon2020\godot_bindings\include\core\Math.hpp(218,24): warning C4244: 'argument': conversion from 'double' to 'real_t', possible loss of data
C:\Users\speci\Desktop\Godot Projects\Hackathon2020\godot_bindings\include\core\Math.hpp(227,43): warning C4244: '=': conversion from 'double' to 'real_t', possible loss of data
C:\Users\speci\Desktop\Godot Projects\Hackathon2020\source\example\GDExample.cpp(24,82): warning C4244: 'argument': conversion from 'double' to 'real_t', possible loss of data
C:\Users\speci\Desktop\Godot Projects\Hackathon2020\source\example\GDExample.cpp(24,41): warning C4244: 'argument': conversion from 'double' to 'real_t', possible loss of data
C:\Users\speci\Desktop\Godot Projects\Hackathon2020\godot_bindings\include\core\Math.hpp(110,11): warning C4244: 'return': conversion from 'int' to 'T', possible loss of data
          with
          [
              T=float
          ]
C:\Users\speci\Desktop\Godot Projects\Hackathon2020\godot_bindings\include\core\Math.hpp(187): message : see reference to function template instantiation 'T godot::Math::sign<float>(T)' being compiled
          with
          [
              T=float
          ]
  GDLibrary.cpp
C:\Users\speci\Desktop\Godot Projects\Hackathon2020\godot_bindings\include\core\Math.hpp(117,23): warning C4244: 'return': conversion from 'double' to 'float', possible loss of data
C:\Users\speci\Desktop\Godot Projects\Hackathon2020\godot_bindings\include\core\Math.hpp(124,21): warning C4244: 'return': conversion from 'double' to 'float', possible loss of data
C:\Users\speci\Desktop\Godot Projects\Hackathon2020\godot_bindings\include\core\Math.hpp(147,19): warning C4244: 'initializing': conversion from 'double' to 'real_t', possible loss of data
C:\Users\speci\Desktop\Godot Projects\Hackathon2020\godot_bindings\include\core\Math.hpp(149,26): warning C4305: '=': truncation from 'double' to 'real_t'
C:\Users\speci\Desktop\Godot Projects\Hackathon2020\godot_bindings\include\core\Math.hpp(168,30): warning C4244: 'argument': conversion from 'double' to 'real_t', possible loss of data
C:\Users\speci\Desktop\Godot Projects\Hackathon2020\godot_bindings\include\core\Math.hpp(168,22): warning C4244: 'argument': conversion from 'double' to 'real_t', possible loss of data
C:\Users\speci\Desktop\Godot Projects\Hackathon2020\godot_bindings\include\core\Math.hpp(208,16): warning C4244: 'return': conversion from 'double' to 'float', possible loss of data
C:\Users\speci\Desktop\Godot Projects\Hackathon2020\godot_bindings\include\core\Math.hpp(218,24): warning C4244: 'argument': conversion from 'double' to 'real_t', possible loss of data
C:\Users\speci\Desktop\Godot Projects\Hackathon2020\godot_bindings\include\core\Math.hpp(227,43): warning C4244: '=': conversion from 'double' to 'real_t', possible loss of data
C:\Users\speci\Desktop\Godot Projects\Hackathon2020\godot_bindings\include\core\Math.hpp(110,11): warning C4244: 'return': conversion from 'int' to 'T', possible loss of data
          with
          [
              T=float
          ]
C:\Users\speci\Desktop\Godot Projects\Hackathon2020\godot_bindings\include\core\Math.hpp(187): message : see reference to function template instantiation 'T godot::Math::sign<float>(T)' being compiled
          with
          [
              T=float
          ]
  Generating Code...
     Creating library C:\Users\speci\Desktop\Godot Projects\Hackathon2020\source\x64\Debug\example.lib and object C:\Users\speci\Desktop\Godot Projects\Hackathon2020\source\x64\Debug\example.exp
  example.vcxproj -> C:\Users\speci\Desktop\Godot Projects\Hackathon2020\source\x64\Debug\example.dll
